0 info it worked if it ends with ok
1 verbose cli [ 'C:\\opt\\nodejs\\node.exe',
1 verbose cli   'C:\\opt\\nodejs\\node_modules\\npm\\bin\\npm-cli.js',
1 verbose cli   'install' ]
2 info using npm@1.4.9
3 info using node@v5.1.1
4 error install Couldn't read dependencies
5 error Error: Invalid name: "@euctrl-pru/website"
5 error     at ensureValidName (C:\opt\nodejs\node_modules\npm\node_modules\read-package-json\node_modules\normalize-package-data\lib\fixer.js:300:15)
5 error     at Object.module.exports.fixNameField (C:\opt\nodejs\node_modules\npm\node_modules\read-package-json\node_modules\normalize-package-data\lib\fixer.js:204:5)
5 error     at C:\opt\nodejs\node_modules\npm\node_modules\read-package-json\node_modules\normalize-package-data\lib\normalize.js:30:38
5 error     at Array.forEach (native)
5 error     at normalize (C:\opt\nodejs\node_modules\npm\node_modules\read-package-json\node_modules\normalize-package-data\lib\normalize.js:29:15)
5 error     at final (C:\opt\nodejs\node_modules\npm\node_modules\read-package-json\read-json.js:342:33)
5 error     at then (C:\opt\nodejs\node_modules\npm\node_modules\read-package-json\read-json.js:126:33)
5 error     at C:\opt\nodejs\node_modules\npm\node_modules\read-package-json\read-json.js:331:40
5 error     at tryToString (fs.js:414:3)
5 error     at FSReqWrap.readFileAfterClose [as oncomplete] (fs.js:401:12)
6 error If you need help, you may report this *entire* log,
6 error including the npm and node versions, at:
6 error     <http://github.com/npm/npm/issues>
7 error System Windows_NT 6.1.7601
8 error command "C:\\opt\\nodejs\\node.exe" "C:\\opt\\nodejs\\node_modules\\npm\\bin\\npm-cli.js" "install"
9 error cwd C:\myrepos\website
10 error node -v v5.1.1
11 error npm -v 1.4.9
12 verbose exit [ 1, true ]
